[07Aug2025 00:02:08.327] [Server thread/INFO] [net.minecraftforge.common.AdvancementLoadFix/]: Using new advancement loading for net.minecraft.server.PlayerAdvancements@3adea9fc
[07Aug2025 00:02:08.342] [Server thread/INFO] [net.minecraft.server.players.PlayerList/]: Zabitar_YTYT[/127.158.43.128:51417] logged in with entity id 850 at (-200.36827148947012, 85.0, 1018.193837566124)
[07Aug2025 00:02:08.356] [Server thread/INFO] [net.minecraft.server.dedicated.DedicatedServer/]: Zabitar_YTYT joined the game
[07Aug2025 00:02:08.378] [Server thread/INFO] [Waila/]: Syncing config to Zabitar_YTYT (3af9ca3e-f8a0-3de2-a88e-7b0986b23e9a)
[07Aug2025 00:02:19.023] [Server thread/INFO] [voicechat/]: [voicechat] Received secret request of Zabitar_YTYT (18)
[07Aug2025 00:02:19.023] [Server thread/INFO] [voicechat/]: [voicechat] Sent secret to Zabitar_YTYT
[07Aug2025 00:03:42.379] [Server thread/INFO] [net.minecraftforge.common.AdvancementLoadFix/]: Using new advancement loading for net.minecraft.server.PlayerAdvancements@1aa15215
[07Aug2025 00:03:42.392] [Server thread/INFO] [net.minecraft.server.players.PlayerList/]: KillerPCausa[/127.117.54.129:53973] logged in with entity id 1242 at (-181.13619957854868, 71.0, 965.565532994137)
[07Aug2025 00:03:42.406] [Server thread/INFO] [net.minecraft.server.dedicated.DedicatedServer/]: KillerPCausa joined the game
[07Aug2025 00:03:42.496] [Server thread/INFO] [Waila/]: Syncing config to KillerPCausa (6704dc9b-7efe-35c9-8e60-77787708ce8f)
[07Aug2025 00:03:44.681] [Server thread/INFO] [voicechat/]: [voicechat] Received secret request of KillerPCausa (18)
[07Aug2025 00:03:44.682] [Server thread/INFO] [voicechat/]: [voicechat] Sent secret to KillerPCausa
[07Aug2025 00:06:20.908] [Server thread/INFO] [net.minecraft.server.dedicated.DedicatedServer/]: <Zabitar_YTYT> soxoooooooooooooo
[07Aug2025 00:09:14.146] [Server thread/INFO] [net.minecraft.server.dedicated.DedicatedServer/]: [KillerPCausa: Set own game mode to Creative Mode]
[07Aug2025 00:09:30.923] [Server thread/INFO] [net.minecraft.server.dedicated.DedicatedServer/]: Zabitar_YTYT is bleeding. Zabitar_YTYT was shot by Skeleton
[07Aug2025 00:09:30.924] [Server thread/WARN] [tombstone/]: The death event of the player Zabitar_YTYT was canceled by another mod
[07Aug2025 00:09:30.933] [Server thread/INFO] [tombstone/]: The player Zabitar_YTYT has successfully been saved
[07Aug2025 00:09:40.594] [Server thread/INFO] [net.minecraft.server.dedicated.DedicatedServer/]: [KillerPCausa: Set own game mode to Survival Mode]
[07Aug2025 00:10:03.071] [Server thread/INFO] [net.minecraft.server.dedicated.DedicatedServer/]: Zabitar_YTYT is bleeding. Zabitar_YTYT was slain by Spider
[07Aug2025 00:10:03.072] [Server thread/WARN] [tombstone/]: The death event of the player Zabitar_YTYT was canceled by another mod
[07Aug2025 00:10:03.076] [Server thread/INFO] [tombstone/]: The player Zabitar_YTYT has successfully been saved
